<?xml version="1.0" encoding="UTF-8"?>
<!-- Generated by org.testng.reporters.JUnitReportReporter -->
<testsuite hostname="krishna-PC" failures="0" tests="1" name="runner.TestRunner" time="23.863" errors="0" timestamp="2020-04-05T15:56:07 IST" skipped="0">
  <testcase classname="runner.TestRunner" name="feature" time="23.863"/>
  <system-out/>
</testsuite> <!-- runner.TestRunner -->
