<?xml version="1.0" encoding="UTF-8"?>
<!-- Generated by org.testng.reporters.JUnitReportReporter -->
<testsuite hostname="krishna-PC" failures="0" tests="1" name="com.qa.runner.TestRunner" time="64.627" errors="0" timestamp="2020-04-06T16:24:34 IST" skipped="0">
  <testcase classname="com.qa.runner.TestRunner" name="feature" time="64.627"/>
  <system-out/>
</testsuite> <!-- com.qa.runner.TestRunner -->
