<?xml version="1.0" encoding="UTF-8"?>
<!-- Generated by org.testng.reporters.JUnitReportReporter -->
<testsuite hostname="krishna-PC" failures="0" tests="1" name="com.qa.runner.TestRunner" time="43.659" errors="0" timestamp="2020-04-14T21:27:18 IST" skipped="0">
  <testcase classname="com.qa.runner.TestRunner" name="feature" time="43.659"/>
  <system-out/>
</testsuite> <!-- com.qa.runner.TestRunner -->
