<?xml version="1.0" encoding="UTF-8"?>
<!-- Generated by org.testng.reporters.JUnitReportReporter -->
<testsuite hostname="DESKTOP-LNIVFV2" failures="0" tests="1" name="com.qa.runner.TestRunner" time="15.731" errors="0" timestamp="2021-04-01T19:21:51 IST" skipped="0">
  <testcase classname="com.qa.runner.TestRunner" name="feature" time="15.731"/>
  <system-out/>
</testsuite> <!-- com.qa.runner.TestRunner -->
