<?xml version="1.0" encoding="UTF-8"?>
<!-- Generated by org.testng.reporters.JUnitReportReporter -->
<testsuite hostname="krishna-PC" failures="0" tests="1" name="com.qa.runner.TestRunner" time="40.468" errors="0" timestamp="21 Jul 2020 12:31:21 GMT" skipped="0">
  <testcase classname="com.qa.runner.TestRunner" name="feature" time="40.468"/>
</testsuite> <!-- com.qa.runner.TestRunner -->
