<?xml version="1.0" encoding="UTF-8"?>
<!-- Generated by org.testng.reporters.JUnitReportReporter -->
<testsuite hostname="krishna-PC" failures="0" tests="1" name="com.qa.runner.TestRunner" time="71.804" errors="0" timestamp="06 Apr 2020 10:49:35 GMT" skipped="0">
  <testcase classname="com.qa.runner.TestRunner" name="feature" time="71.804"/>
</testsuite> <!-- com.qa.runner.TestRunner -->
